<?xml version="1.0" encoding="UTF-8"?>
<testsuites>
  <testsuite name="[Total 6 steps] approve approval (without selfValidation)" tests="6" failures="0" errors="0" skipped="0">
    <testcase classname="approve - approve approval (without selfValidation)" name="[0] getBackendApproval"/>
    <testcase classname="approve - approve approval (without selfValidation)" name="[1] getApproval"/>
    <testcase classname="approve - approve approval (without selfValidation)" name="[2] approve"/>
    <testcase classname="approve - approve approval (without selfValidation)" name="[3] getApproval"/>
    <testcase classname="approve - approve approval (without selfValidation)" name="[4] sendApprovals"/>
    <testcase classname="approve - approve approval (without selfValidation)" name="[5] updateTask"/>
  </testsuite>
  <testsuite name="[Total 6 steps] approve approval (without selfValidation) but failed to approve (doesn't return null at the second getApproval)" tests="6" failures="0" errors="0" skipped="0">
    <testcase classname="approve_withFailure - approve approval (without selfValidation) but failed to approve (doesn't return null at the second getApproval)" name="[0] getBackendApproval"/>
    <testcase classname="approve_withFailure - approve approval (without selfValidation) but failed to approve (doesn't return null at the second getApproval)" name="[1] getApproval"/>
    <testcase classname="approve_withFailure - approve approval (without selfValidation) but failed to approve (doesn't return null at the second getApproval)" name="[2] approve"/>
    <testcase classname="approve_withFailure - approve approval (without selfValidation) but failed to approve (doesn't return null at the second getApproval)" name="[3] getApproval"/>
    <testcase classname="approve_withFailure - approve approval (without selfValidation) but failed to approve (doesn't return null at the second getApproval)" name="[4] sendApprovals"/>
    <testcase classname="approve_withFailure - approve approval (without selfValidation) but failed to approve (doesn't return null at the second getApproval)" name="[5] updateTask"/>
  </testsuite>
  <testsuite name="[Total 2 steps] make authenticate" tests="2" failures="0" errors="0" skipped="0">
    <testcase classname="authenticate - make authenticate" name="[0] authenticate"/>
    <testcase classname="authenticate - make authenticate" name="[1] updateTask"/>
  </testsuite>
  <testsuite name="[Total 2 steps] make fail authenticate" tests="2" failures="0" errors="0" skipped="0">
    <testcase classname="authenticate_fail - make fail authenticate" name="[0] authenticate"/>
    <testcase classname="authenticate_fail - make fail authenticate" name="[1] updateTask"/>
  </testsuite>
  <testsuite name="[Total 2 steps] make authenticate without credentials" tests="2" failures="0" errors="0" skipped="0">
    <testcase classname="authenticate_noAuth - make authenticate without credentials" name="[0] authenticate"/>
    <testcase classname="authenticate_noAuth - make authenticate without credentials" name="[1] updateTask"/>
  </testsuite>
  <testsuite name="[Total 3 steps] get attachment and download it" tests="3" failures="0" errors="0" skipped="0">
    <testcase classname="downloadAttachment - get attachment and download it" name="[0] downloadAttachment"/>
    <testcase classname="downloadAttachment - get attachment and download it" name="[1] sendAttachment"/>
    <testcase classname="downloadAttachment - get attachment and download it" name="[2] updateTask"/>
  </testsuite>
  <testsuite name="[Total 4 steps] fetching approvals (1 new) when signature list is empty" tests="4" failures="0" errors="0" skipped="0">
    <testcase classname="fetch - fetching approvals (1 new) when signature list is empty" name="[0] getBackendApprovals"/>
    <testcase classname="fetch - fetching approvals (1 new) when signature list is empty" name="[1] fetch"/>
    <testcase classname="fetch - fetching approvals (1 new) when signature list is empty" name="[2] sendApprovals"/>
    <testcase classname="fetch - fetching approvals (1 new) when signature list is empty" name="[3] updateTask"/>
  </testsuite>
  <testsuite name="[Total 4 steps] fetching 0 approvals and report 2 deleted approvals to back-end" tests="4" failures="0" errors="0" skipped="0">
    <testcase classname="fetch_deleted - fetching 0 approvals and report 2 deleted approvals to back-end" name="[0] getBackendApprovals"/>
    <testcase classname="fetch_deleted - fetching 0 approvals and report 2 deleted approvals to back-end" name="[1] fetch"/>
    <testcase classname="fetch_deleted - fetching 0 approvals and report 2 deleted approvals to back-end" name="[2] sendApprovals"/>
    <testcase classname="fetch_deleted - fetching 0 approvals and report 2 deleted approvals to back-end" name="[3] updateTask"/>
  </testsuite>
  <testsuite name="[Total 3 steps] fetching approvals with error return in fetch" tests="3" failures="0" errors="0" skipped="0">
    <testcase classname="fetch_fail_sync - fetching approvals with error return in fetch" name="[0] getBackendApprovals"/>
    <testcase classname="fetch_fail_sync - fetching approvals with error return in fetch" name="[1] fetch"/>
    <testcase classname="fetch_fail_sync - fetching approvals with error return in fetch" name="[2] updateTask"/>
  </testsuite>
  <testsuite name="[Total 4 steps] fetching 0 approvals and report 1 updated approvals to back-end" tests="4" failures="0" errors="0" skipped="0">
    <testcase classname="fetch_updated - fetching 0 approvals and report 1 updated approvals to back-end" name="[0] getBackendApprovals"/>
    <testcase classname="fetch_updated - fetching 0 approvals and report 1 updated approvals to back-end" name="[1] fetch"/>
    <testcase classname="fetch_updated - fetching 0 approvals and report 1 updated approvals to back-end" name="[2] sendApprovals"/>
    <testcase classname="fetch_updated - fetching 0 approvals and report 1 updated approvals to back-end" name="[3] updateTask"/>
  </testsuite>
  <testsuite name="[Total 6 steps] reject approval (without selfValidation)" tests="6" failures="0" errors="0" skipped="0">
    <testcase classname="reject - reject approval (without selfValidation)" name="[0] getBackendApproval"/>
    <testcase classname="reject - reject approval (without selfValidation)" name="[1] getApproval"/>
    <testcase classname="reject - reject approval (without selfValidation)" name="[2] reject"/>
    <testcase classname="reject - reject approval (without selfValidation)" name="[3] getApproval"/>
    <testcase classname="reject - reject approval (without selfValidation)" name="[4] sendApprovals"/>
    <testcase classname="reject - reject approval (without selfValidation)" name="[5] updateTask"/>
  </testsuite>
  <testsuite name="[Total 6 steps] reject approval (without selfValidation), without reject reason (no volatile)" tests="6" failures="0" errors="0" skipped="0">
    <testcase classname="reject_withoutRejectReason - reject approval (without selfValidation), without reject reason (no volatile)" name="[0] getBackendApproval"/>
    <testcase classname="reject_withoutRejectReason - reject approval (without selfValidation), without reject reason (no volatile)" name="[1] getApproval"/>
    <testcase classname="reject_withoutRejectReason - reject approval (without selfValidation), without reject reason (no volatile)" name="[2] reject"/>
    <testcase classname="reject_withoutRejectReason - reject approval (without selfValidation), without reject reason (no volatile)" name="[3] getApproval"/>
    <testcase classname="reject_withoutRejectReason - reject approval (without selfValidation), without reject reason (no volatile)" name="[4] sendApprovals"/>
    <testcase classname="reject_withoutRejectReason - reject approval (without selfValidation), without reject reason (no volatile)" name="[5] updateTask"/>
  </testsuite>
</testsuites>